# JRE version: Java(TM) SE Runtime Environment (8.0_321-b07) (build 1.8.0_321-b07)
# Java VM: Java HotSpot(TM) 64-Bit Server VM (25.321-b07 mixed mode windows-amd64 compressed oops)
Heap:
 PSYoungGen      total 579584K, used 221068K [0x00000000d6180000, 0x00000000fba80000, 0x0000000100000000)
  eden space 567808K, 37% used [0x00000000d6180000,0x00000000e3433220,0x00000000f8c00000)
  from space 11776K, 45% used [0x00000000faf00000,0x00000000fb430000,0x00000000fba80000)
  to   space 5120K, 0% used [0x00000000fa800000,0x00000000fa800000,0x00000000fad00000)
 ParOldGen       total 62976K, used 43558K [0x0000000082400000, 0x0000000086180000, 0x00000000d6180000)
  object space 62976K, 69% used [0x0000000082400000,0x0000000084e89948,0x0000000086180000)
 Metaspace       used 23299K, capacity 23596K, committed 23936K, reserved 1071104K
  class space    used 2501K, capacity 2582K, committed 2688K, reserved 1048576K
GC Heap History (10 events):
Event: 20.928 GC heap before
{Heap before GC invocations=27 (full 1):
 PSYoungGen      total 497152K, used 481696K [0x00000000d6180000, 0x00000000f8f00000, 0x0000000100000000)
  eden space 481280K, 100% used [0x00000000d6180000,0x00000000f3780000,0x00000000f3780000)
  from space 15872K, 2% used [0x00000000f3780000,0x00000000f37e8000,0x00000000f4700000)
  to   space 13312K, 0% used [0x00000000f8200000,0x00000000f8200000,0x00000000f8f00000)
 ParOldGen       total 62976K, used 43542K [0x0000000082400000, 0x0000000086180000, 0x00000000d6180000)
  object space 62976K, 69% used [0x0000000082400000,0x0000000084e85948,0x0000000086180000)
 Metaspace       used 23014K, capacity 23362K, committed 23680K, reserved 1071104K
  class space    used 2486K, capacity 2573K, committed 2688K, reserved 1048576K
Event: 20.929 GC heap after
Heap after GC invocations=27 (full 1):
 PSYoungGen      total 552448K, used 544K [0x00000000d6180000, 0x00000000f8b80000, 0x0000000100000000)
  eden space 542720K, 0% used [0x00000000d6180000,0x00000000d6180000,0x00000000f7380000)
  from space 9728K, 5% used [0x00000000f8200000,0x00000000f8288000,0x00000000f8b80000)
  to   space 12288K, 0% used [0x00000000f7380000,0x00000000f7380000,0x00000000f7f80000)
 ParOldGen       total 62976K, used 43542K [0x0000000082400000, 0x0000000086180000, 0x00000000d6180000)
  object space 62976K, 69% used [0x0000000082400000,0x0000000084e85948,0x0000000086180000)
 Metaspace       used 23014K, capacity 23362K, committed 23680K, reserved 1071104K
  class space    used 2486K, capacity 2573K, committed 2688K, reserved 1048576K
}
Event: 25.712 GC heap before
{Heap before GC invocations=28 (full 1):
 PSYoungGen      total 552448K, used 543264K [0x00000000d6180000, 0x00000000f8b80000, 0x0000000100000000)
  eden space 542720K, 100% used [0x00000000d6180000,0x00000000f7380000,0x00000000f7380000)
  from space 9728K, 5% used [0x00000000f8200000,0x00000000f8288000,0x00000000f8b80000)
  to   space 12288K, 0% used [0x00000000f7380000,0x00000000f7380000,0x00000000f7f80000)
 ParOldGen       total 62976K, used 43542K [0x0000000082400000, 0x0000000086180000, 0x00000000d6180000)
  object space 62976K, 69% used [0x0000000082400000,0x0000000084e85948,0x0000000086180000)
 Metaspace       used 23298K, capacity 23596K, committed 23936K, reserved 1071104K
  class space    used 2501K, capacity 2582K, committed 2688K, reserved 1048576K
Event: 25.719 GC heap after
Heap after GC invocations=28 (full 1):
 PSYoungGen      total 555008K, used 3456K [0x00000000d6180000, 0x00000000fc580000, 0x0000000100000000)
  eden space 542720K, 0% used [0x00000000d6180000,0x00000000d6180000,0x00000000f7380000)
  from space 12288K, 28% used [0x00000000f7380000,0x00000000f76e0000,0x00000000f7f80000)
  to   space 11776K, 0% used [0x00000000fba00000,0x00000000fba00000,0x00000000fc580000)
 ParOldGen       total 62976K, used 43550K [0x0000000082400000, 0x0000000086180000, 0x00000000d6180000)
  object space 62976K, 69% used [0x0000000082400000,0x0000000084e87948,0x0000000086180000)
 Metaspace       used 23298K, capacity 23596K, committed 23936K, reserved 1071104K
  class space    used 2501K, capacity 2582K, committed 2688K, reserved 1048576K
}
Event: 31.036 GC heap before
{Heap before GC invocations=29 (full 1):
 PSYoungGen      total 555008K, used 546176K [0x00000000d6180000, 0x00000000fc580000, 0x0000000100000000)
  eden space 542720K, 100% used [0x00000000d6180000,0x00000000f7380000,0x00000000f7380000)
  from space 12288K, 28% used [0x00000000f7380000,0x00000000f76e0000,0x00000000f7f80000)
  to   space 11776K, 0% used [0x00000000fba00000,0x00000000fba00000,0x00000000fc580000)
 ParOldGen       total 62976K, used 43550K [0x0000000082400000, 0x0000000086180000, 0x00000000d6180000)
  object space 62976K, 69% used [0x0000000082400000,0x0000000084e87948,0x0000000086180000)
 Metaspace       used 23299K, capacity 23596K, committed 23936K, reserved 1071104K
  class space    used 2501K, capacity 2582K, committed 2688K, reserved 1048576K
Event: 31.041 GC heap after
Heap after GC invocations=29 (full 1):
 PSYoungGen      total 600064K, used 4640K [0x00000000d6180000, 0x00000000fbf00000, 0x0000000100000000)
  eden space 594944K, 0% used [0x00000000d6180000,0x00000000d6180000,0x00000000fa680000)
  from space 5120K, 90% used [0x00000000fba00000,0x00000000fbe88000,0x00000000fbf00000)
  to   space 11776K, 0% used [0x00000000fa800000,0x00000000fa800000,0x00000000fb380000)
 ParOldGen       total 62976K, used 43558K [0x0000000082400000, 0x0000000086180000, 0x00000000d6180000)
  object space 62976K, 69% used [0x0000000082400000,0x0000000084e89948,0x0000000086180000)
 Metaspace       used 23299K, capacity 23596K, committed 23936K, reserved 1071104K
  class space    used 2501K, capacity 2582K, committed 2688K, reserved 1048576K
}
Event: 33.538 GC heap before
{Heap before GC invocations=30 (full 1):
 PSYoungGen      total 600064K, used 599584K [0x00000000d6180000, 0x00000000fbf00000, 0x0000000100000000)
  eden space 594944K, 100% used [0x00000000d6180000,0x00000000fa680000,0x00000000fa680000)
  from space 5120K, 90% used [0x00000000fba00000,0x00000000fbe88000,0x00000000fbf00000)
  to   space 11776K, 0% used [0x00000000fa800000,0x00000000fa800000,0x00000000fb380000)
 ParOldGen       total 62976K, used 43558K [0x0000000082400000, 0x0000000086180000, 0x00000000d6180000)
  object space 62976K, 69% used [0x0000000082400000,0x0000000084e89948,0x0000000086180000)
 Metaspace       used 23299K, capacity 23596K, committed 23936K, reserved 1071104K
  class space    used 2501K, capacity 2582K, committed 2688K, reserved 1048576K
Event: 33.543 GC heap after
Heap after GC invocations=30 (full 1):
 PSYoungGen      total 572928K, used 5120K [0x00000000d6180000, 0x00000000fba80000, 0x0000000100000000)
  eden space 567808K, 0% used [0x00000000d6180000,0x00000000d6180000,0x00000000f8c00000)
  from space 5120K, 100% used [0x00000000fa800000,0x00000000fad00000,0x00000000fad00000)
  to   space 11776K, 0% used [0x00000000faf00000,0x00000000faf00000,0x00000000fba80000)
 ParOldGen       total 62976K, used 43558K [0x0000000082400000, 0x0000000086180000, 0x00000000d6180000)
  object space 62976K, 69% used [0x0000000082400000,0x0000000084e89948,0x0000000086180000)
 Metaspace       used 23299K, capacity 23596K, committed 23936K, reserved 1071104K
  class space    used 2501K, capacity 2582K, committed 2688K, reserved 1048576K
}
Event: 34.250 GC heap before
{Heap before GC invocations=31 (full 1):
 PSYoungGen      total 572928K, used 572928K [0x00000000d6180000, 0x00000000fba80000, 0x0000000100000000)
  eden space 567808K, 100% used [0x00000000d6180000,0x00000000f8c00000,0x00000000f8c00000)
  from space 5120K, 100% used [0x00000000fa800000,0x00000000fad00000,0x00000000fad00000)
  to   space 11776K, 0% used [0x00000000faf00000,0x00000000faf00000,0x00000000fba80000)
 ParOldGen       total 62976K, used 43558K [0x0000000082400000, 0x0000000086180000, 0x00000000d6180000)
  object space 62976K, 69% used [0x0000000082400000,0x0000000084e89948,0x0000000086180000)
 Metaspace       used 23299K, capacity 23596K, committed 23936K, reserved 1071104K
  class space    used 2501K, capacity 2582K, committed 2688K, reserved 1048576K
Event: 34.255 GC heap after
Heap after GC invocations=31 (full 1):
 PSYoungGen      total 579584K, used 5312K [0x00000000d6180000, 0x00000000fba80000, 0x0000000100000000)
  eden space 567808K, 0% used [0x00000000d6180000,0x00000000d6180000,0x00000000f8c00000)
  from space 11776K, 45% used [0x00000000faf00000,0x00000000fb430000,0x00000000fba80000)
  to   space 5120K, 0% used [0x00000000fa800000,0x00000000fa800000,0x00000000fad00000)
 ParOldGen       total 62976K, used 43558K [0x0000000082400000, 0x0000000086180000, 0x00000000d6180000)
  object space 62976K, 69% used [0x0000000082400000,0x0000000084e89948,0x0000000086180000)
 Metaspace       used 23299K, capacity 23596K, committed 23936K, reserved 1071104K
  class space    used 2501K, capacity 2582K, committed 2688K, reserved 1048576K
}

